<?xml version="1.0" encoding="UTF-8"?>
<!-- Generated by org.testng.reporters.JUnitReportReporter -->
<testsuite hostname="DESKTOP-2HP8E8B" failures="0" tests="15" name="POM.LoginPage" time="72.379" errors="0" timestamp="2023-08-28T12:51:41 IST" skipped="5">
  <testcase classname="POM.LoginPage" name="Test13" time="5.169"/>
  <system-out/>
  <testcase classname="POM.LoginPage" name="Test13" time="5.076"/>
  <system-out/>
  <testcase classname="POM.LoginPage" name="Test13" time="4.990"/>
  <system-out/>
  <testcase classname="POM.LoginPage" name="Test13" time="4.846"/>
  <system-out/>
  <testcase classname="POM.LoginPage" name="Test13" time="4.906"/>
  <system-out/>
  <testcase classname="POM.LoginPage" name="Test13" time="5.168"/>
  <system-out/>
  <testcase classname="POM.LoginPage" name="Test14" time="17.401"/>
  <system-out/>
  <testcase classname="POM.LoginPage" name="Test15" time="2.061">
    <skipped/>
  </testcase> <!-- Test15 -->
  <system-out/>
  <testcase classname="POM.LoginPage" name="Test16" time="2.047">
    <skipped/>
  </testcase> <!-- Test16 -->
  <system-out/>
  <testcase classname="POM.LoginPage" name="Test16" time="2.056">
    <skipped/>
  </testcase> <!-- Test16 -->
  <system-out/>
  <testcase classname="POM.LoginPage" name="Test16" time="2.048">
    <skipped/>
  </testcase> <!-- Test16 -->
  <system-out/>
  <testcase classname="POM.LoginPage" name="Test18" time="5.332"/>
  <system-out/>
  <testcase classname="POM.LoginPage" name="Test18" time="5.554"/>
  <system-out/>
  <testcase classname="POM.LoginPage" name="Test18" time="5.725"/>
  <system-out/>
  <testcase classname="POM.LoginPage" name="Test17">
    <skipped/>
  </testcase> <!-- Test17 -->
  <system-out/>
</testsuite> <!-- POM.LoginPage -->
