<?xml version="1.0" encoding="UTF-8"?>
<!-- Generated by org.testng.reporters.JUnitReportReporter -->
<testsuite hostname="DESKTOP-2HP8E8B" failures="0" tests="23" name="POM.RegistrationPage" time="275.541" errors="0" timestamp="2023-08-28T12:51:41 IST" skipped="2">
  <testcase classname="POM.RegistrationPage" name="Test2" time="214.748"/>
  <system-out/>
  <testcase classname="POM.RegistrationPage" name="Test3" time="3.998"/>
  <system-out/>
  <testcase classname="POM.RegistrationPage" name="Test3" time="2.516"/>
  <system-out/>
  <testcase classname="POM.RegistrationPage" name="Test3" time="2.893"/>
  <system-out/>
  <testcase classname="POM.RegistrationPage" name="Test4" time="3.287"/>
  <system-out/>
  <testcase classname="POM.RegistrationPage" name="Test4" time="2.673"/>
  <system-out/>
  <testcase classname="POM.RegistrationPage" name="Test4" time="3.036"/>
  <system-out/>
  <testcase classname="POM.RegistrationPage" name="Test4" time="3.203"/>
  <system-out/>
  <testcase classname="POM.RegistrationPage" name="Test4" time="2.945"/>
  <system-out/>
  <testcase classname="POM.RegistrationPage" name="Test4" time="3.254"/>
  <system-out/>
  <testcase classname="POM.RegistrationPage" name="Test5" time="2.754"/>
  <system-out/>
  <testcase classname="POM.RegistrationPage" name="Test5" time="2.929"/>
  <system-out/>
  <testcase classname="POM.RegistrationPage" name="Test5" time="3.085"/>
  <system-out/>
  <testcase classname="POM.RegistrationPage" name="Test6" time="1.074">
    <skipped/>
  </testcase> <!-- Test6 -->
  <system-out/>
  <testcase classname="POM.RegistrationPage" name="Test7" time="2.579"/>
  <system-out/>
  <testcase classname="POM.RegistrationPage" name="Test8" time="3.951"/>
  <system-out/>
  <testcase classname="POM.RegistrationPage" name="Test_19" time="2.541"/>
  <system-out/>
  <testcase classname="POM.RegistrationPage" name="Test9" time="2.580"/>
  <system-out/>
  <testcase classname="POM.RegistrationPage" name="Test10" time="3.562"/>
  <system-out/>
  <testcase classname="POM.RegistrationPage" name="Test11" time="2.908"/>
  <system-out/>
  <testcase classname="POM.RegistrationPage" name="Test11" time="3.013"/>
  <system-out/>
  <testcase classname="POM.RegistrationPage" name="Test12" time="2.012"/>
  <system-out/>
  <testcase classname="POM.RegistrationPage" name="Test1">
    <skipped/>
  </testcase> <!-- Test1 -->
  <system-out/>
</testsuite> <!-- POM.RegistrationPage -->
