<?xml version="1.0" encoding="UTF-8"?>
<!-- Generated by org.testng.reporters.JUnitReportReporter -->
<testsuite hostname="DESKTOP-2HP8E8B" failures="0" tests="15" name="POM.LoginPage" time="66.681" errors="0" timestamp="2023-10-08T13:10:42 IST" skipped="5">
  <testcase classname="POM.LoginPage" name="Test13" time="5.316"/>
  <system-out/>
  <testcase classname="POM.LoginPage" name="Test13" time="4.656"/>
  <system-out/>
  <testcase classname="POM.LoginPage" name="Test13" time="5.295"/>
  <system-out/>
  <testcase classname="POM.LoginPage" name="Test13" time="4.937"/>
  <system-out/>
  <testcase classname="POM.LoginPage" name="Test13" time="4.855"/>
  <system-out/>
  <testcase classname="POM.LoginPage" name="Test13" time="4.960"/>
  <system-out/>
  <testcase classname="POM.LoginPage" name="Test14" time="11.430"/>
  <system-out/>
  <testcase classname="POM.LoginPage" name="Test15" time="2.084">
    <skipped/>
  </testcase> <!-- Test15 -->
  <system-out/>
  <testcase classname="POM.LoginPage" name="Test16" time="2.042">
    <skipped/>
  </testcase> <!-- Test16 -->
  <system-out/>
  <testcase classname="POM.LoginPage" name="Test16" time="2.050">
    <skipped/>
  </testcase> <!-- Test16 -->
  <system-out/>
  <testcase classname="POM.LoginPage" name="Test16" time="2.044">
    <skipped/>
  </testcase> <!-- Test16 -->
  <system-out/>
  <testcase classname="POM.LoginPage" name="Test18" time="5.619"/>
  <system-out/>
  <testcase classname="POM.LoginPage" name="Test18" time="5.807"/>
  <system-out/>
  <testcase classname="POM.LoginPage" name="Test18" time="5.586"/>
  <system-out/>
  <testcase classname="POM.LoginPage" name="Test17">
    <skipped/>
  </testcase> <!-- Test17 -->
  <system-out/>
</testsuite> <!-- POM.LoginPage -->
