<?xml version="1.0" encoding="UTF-8"?>
<!-- Generated by org.testng.reporters.JUnitReportReporter -->
<testsuite hostname="DESKTOP-2HP8E8B" failures="0" tests="1" name="LoginPage.TestMode" time="32.097" errors="0" timestamp="2023-04-14T15:30:53 IST" skipped="0">
  <testcase classname="LoginPage.TestMode" name="logintest" time="32.097"/>
  <system-out/>
</testsuite> <!-- LoginPage.TestMode -->
