<?xml version="1.0" encoding="UTF-8"?>
<!-- Generated by org.testng.reporters.JUnitReportReporter -->
<testsuite hostname="DESKTOP-2HP8E8B" failures="0" tests="3" name="LoginPage.LoginTestDemo" time="29.262" errors="0" timestamp="2023-04-25T17:02:34 IST" skipped="0">
  <testcase classname="LoginPage.LoginTestDemo" name="Test21" time="8.829"/>
  <system-out/>
  <testcase classname="LoginPage.LoginTestDemo" name="Test21" time="10.228"/>
  <system-out/>
  <testcase classname="LoginPage.LoginTestDemo" name="Test21" time="10.205"/>
  <system-out/>
</testsuite> <!-- LoginPage.LoginTestDemo -->
