<?xml version="1.0" encoding="UTF-8"?>
<!-- Generated by org.testng.reporters.JUnitReportReporter -->
<testsuite hostname="DESKTOP-2HP8E8B" failures="0" tests="15" name="POM.LoginPage" time="59.100" errors="0" timestamp="2023-11-01T18:24:41 IST" skipped="5">
  <testcase classname="POM.LoginPage" name="Test13" time="4.909"/>
  <system-out/>
  <testcase classname="POM.LoginPage" name="Test13" time="4.771"/>
  <system-out/>
  <testcase classname="POM.LoginPage" name="Test13" time="4.666"/>
  <system-out/>
  <testcase classname="POM.LoginPage" name="Test13" time="4.698"/>
  <system-out/>
  <testcase classname="POM.LoginPage" name="Test13" time="5.233"/>
  <system-out/>
  <testcase classname="POM.LoginPage" name="Test13" time="4.574"/>
  <system-out/>
  <testcase classname="POM.LoginPage" name="Test14" time="6.650"/>
  <system-out/>
  <testcase classname="POM.LoginPage" name="Test15" time="2.052">
    <skipped/>
  </testcase> <!-- Test15 -->
  <system-out/>
  <testcase classname="POM.LoginPage" name="Test16" time="2.038">
    <skipped/>
  </testcase> <!-- Test16 -->
  <system-out/>
  <testcase classname="POM.LoginPage" name="Test16" time="2.045">
    <skipped/>
  </testcase> <!-- Test16 -->
  <system-out/>
  <testcase classname="POM.LoginPage" name="Test16" time="2.039">
    <skipped/>
  </testcase> <!-- Test16 -->
  <system-out/>
  <testcase classname="POM.LoginPage" name="Test18" time="5.147"/>
  <system-out/>
  <testcase classname="POM.LoginPage" name="Test18" time="5.156"/>
  <system-out/>
  <testcase classname="POM.LoginPage" name="Test18" time="5.122"/>
  <system-out/>
  <testcase classname="POM.LoginPage" name="Test17">
    <skipped/>
  </testcase> <!-- Test17 -->
  <system-out/>
</testsuite> <!-- POM.LoginPage -->
