<?xml version="1.0" encoding="UTF-8"?>
<!-- Generated by org.testng.reporters.JUnitReportReporter -->
<testsuite hostname="DESKTOP-2HP8E8B" failures="0" tests="18" name="TestCases.RegistrationPage" time="6.508" errors="0" timestamp="2023-05-19T17:55:27 IST" skipped="1">
  <testcase classname="TestCases.RegistrationPage" name="Test2" time="0.626"/>
  <system-out/>
  <testcase classname="TestCases.RegistrationPage" name="Test2" time="0.385"/>
  <system-out/>
  <testcase classname="TestCases.RegistrationPage" name="Test4" time="0.406"/>
  <system-out/>
  <testcase classname="TestCases.RegistrationPage" name="Test4" time="0.385"/>
  <system-out/>
  <testcase classname="TestCases.RegistrationPage" name="Test4" time="0.389"/>
  <system-out/>
  <testcase classname="TestCases.RegistrationPage" name="Test4" time="0.434"/>
  <system-out/>
  <testcase classname="TestCases.RegistrationPage" name="Test4" time="0.415"/>
  <system-out/>
  <testcase classname="TestCases.RegistrationPage" name="Test6" time="0.394"/>
  <system-out/>
  <testcase classname="TestCases.RegistrationPage" name="Test6" time="0.350"/>
  <system-out/>
  <testcase classname="TestCases.RegistrationPage" name="Test7" time="0.358"/>
  <system-out/>
  <testcase classname="TestCases.RegistrationPage" name="Test8" time="0.292"/>
  <system-out/>
  <testcase classname="TestCases.RegistrationPage" name="Test9" time="0.543"/>
  <system-out/>
  <testcase classname="TestCases.RegistrationPage" name="Test10" time="0.294"/>
  <system-out/>
  <testcase classname="TestCases.RegistrationPage" name="Test11" time="0.327"/>
  <system-out/>
  <testcase classname="TestCases.RegistrationPage" name="Test13" time="0.311"/>
  <system-out/>
  <testcase classname="TestCases.RegistrationPage" name="Test13" time="0.340"/>
  <system-out/>
  <testcase classname="TestCases.RegistrationPage" name="Test15" time="0.259"/>
  <system-out/>
  <testcase classname="TestCases.RegistrationPage" name="Test1">
    <skipped/>
  </testcase> <!-- Test1 -->
  <system-out/>
</testsuite> <!-- TestCases.RegistrationPage -->
