<?xml version="1.0" encoding="UTF-8"?>
<!-- Generated by org.testng.reporters.JUnitReportReporter -->
<testsuite hostname="DESKTOP-2HP8E8B" failures="0" tests="1" name="POM.PersonalDetails" time="6.847" errors="0" timestamp="2023-12-10T14:41:50 IST" skipped="0">
  <testcase classname="POM.PersonalDetails" name="personal" time="6.847"/>
  <system-out/>
</testsuite> <!-- POM.PersonalDetails -->
