<?xml version="1.0" encoding="UTF-8"?>
<!-- Generated by org.testng.reporters.JUnitReportReporter -->
<testsuite hostname="DESKTOP-2HP8E8B" failures="0" tests="6" name="TestCases.LoginPage" time="24.074" errors="0" timestamp="2023-05-20T17:49:14 IST" skipped="0">
  <testcase classname="TestCases.LoginPage" name="Test16" time="4.103"/>
  <system-out/>
  <testcase classname="TestCases.LoginPage" name="Test16" time="4.191"/>
  <system-out/>
  <testcase classname="TestCases.LoginPage" name="Test16" time="4.053"/>
  <system-out/>
  <testcase classname="TestCases.LoginPage" name="Test16" time="3.710"/>
  <system-out/>
  <testcase classname="TestCases.LoginPage" name="Test16" time="4.428"/>
  <system-out/>
  <testcase classname="TestCases.LoginPage" name="Test16" time="3.589"/>
  <system-out/>
</testsuite> <!-- TestCases.LoginPage -->
