<?xml version="1.0" encoding="UTF-8"?>
<!-- Generated by org.testng.reporters.JUnitReportReporter -->
<testsuite hostname="DESKTOP-833K0R4" failures="0" tests="2" name="ui.CommonData" time="0.052" errors="0" timestamp="2023-01-30T18:37:39 IST" skipped="0">
  <testcase classname="ui.CommonData" name="test2" time="0.027"/>
  <system-out/>
  <testcase classname="ui.CommonData" name="test1" time="0.025"/>
  <system-out/>
</testsuite> <!-- ui.CommonData -->
