<?xml version="1.0" encoding="UTF-8"?>
<!-- Generated by org.testng.reporters.JUnitReportReporter -->
<testsuite hostname="DESKTOP-833K0R4" failures="0" tests="2" name="ui.LoginTest" time="0.030" errors="0" timestamp="2023-01-29T14:12:05 IST" skipped="0">
  <testcase classname="ui.LoginTest" name="Logintest" time="0.026"/>
  <system-out/>
  <testcase classname="ui.LoginTest" name="logouttest" time="0.004"/>
  <system-out/>
</testsuite> <!-- ui.LoginTest -->
