<?xml version="1.0" encoding="UTF-8"?>
<!-- Generated by org.testng.reporters.JUnitReportReporter -->
<testsuite hostname="DESKTOP-833K0R4" failures="0" tests="1" name="ui.VerifyTitleTest" time="9.337" errors="0" timestamp="2023-01-28T23:16:19 IST" skipped="0">
  <testcase classname="ui.VerifyTitleTest" name="titleTest" time="9.337"/>
  <system-out/>
</testsuite> <!-- ui.VerifyTitleTest -->
