<?xml version="1.0" encoding="UTF-8"?>
<!-- Generated by org.testng.reporters.JUnitReportReporter -->
<testsuite hostname="DESKTOP-833K0R4" failures="0" tests="4" name="ui.GroupTestDemo" time="0.015" errors="0" timestamp="2023-01-28T23:16:19 IST" skipped="0">
  <testcase classname="ui.GroupTestDemo" name="test1" time="0.002"/>
  <system-out/>
  <testcase classname="ui.GroupTestDemo" name="test2" time="0.003"/>
  <system-out/>
  <testcase classname="ui.GroupTestDemo" name="test3" time="0.008"/>
  <system-out/>
  <testcase classname="ui.GroupTestDemo" name="test4" time="0.002"/>
  <system-out/>
</testsuite> <!-- ui.GroupTestDemo -->
